



<employee>
  <id>6008</id>
  <age>36</age>
  <addr>P2405 tòa nhà TTTM khu đô thị Xa La, P. Phúc La, Q. Hà Đông, TP. HN</addr>
  <quit>no</quit>
</employee>

<employee>
  <id>6075</id>
  <age>35</age>
  <addr>2406 HH2C Bán đảo Linh Đàm, HN</addr>
  <quit>no</quit>
</employee>

<employee>
  <id>6159</id>
  <age>30</age>
  <addr>Lô E1.2 Phạm Hùng, Từ Liêm, Hà Nội</addr>
  <quit>no</quit>
</employee>

<employee>
  <id>6191</id>
  <age>31</age>
  <addr>Kim Giang, Thanh Xuân, Ha Noi</addr>
  <quit>no</quit>
</employee>

<employee>
  <id>6224</id>
  <age>38</age>
  <addr>P104, TT Viện Nhi Trung ương, Láng Thượng, Đống Đa, Hà Nội</addr>
  <quit>no</quit>
</employee>

<employee>
  <id>6254</id>
  <age>30</age>
  <addr>Số 2- H13- Khu tập thể giáo viên ĐHSP Hà Nội</addr>
  <quit>no</quit>
</employee>

<employee>
  <id>6283</id>
  <age>33</age>
  <addr>p12a02, chung cư Tây Hà, số 8 Tố Hữu, Trung Văn, Nam Từ Liêm, Hà Nội</addr>
  <quit>no</quit>
</employee>

<employee>
  <id>6338</id>
  <age>36</age>
  <addr>Phòng 22-B4B, Tòa nhà Westa, phường Mỗ Lao, Hà Đông, Hà Nội</addr>
  <quit>no</quit>
</employee>

<employee>
  <id>6348</id>
  <age>33</age>
  <addr>Tổ 24 Đại Kim, Hoàng Mai, Hà Nội</addr>
  <quit>no</quit>
</employee>

<employee>
  <id>6282</id>
  <age>30</age>
  <addr>286 Trần Cung - Cổ Nhuế 1 - Bắc Từ Liêm - Hà Nội</addr>
  <quit>no</quit>
</employee>

<employee>
  <id>6171</id>
  <age>33</age>
  <addr>Số nhà 84 ngõ 1 Phan Đình Giót, phường Phương Liệt, Thanh Xuân, Hà Nội</addr>
  <quit>no</quit>
</employee>

<employee>
  <id>6181</id>
  <age>33</age>
  <addr>Căn hộ 318, CT10A, Đô thị Đại Thanh, xã Tả Thanh Oai, huyện Thanh Trì, Hà Nội</addr>
  <quit>no</quit>
</employee>

<employee>
  <id>6197</id>
  <age>34</age>
  <addr>Tổ 22, Lĩnh Nam, Hoàng Mai, Hà Nội</addr>
  <quit>no</quit>
</employee>

<employee>
  <id>6225</id>
  <age>32</age>
  <addr>R1402, A5 Building, Dai Kim, Hoang Mai, Ha Noi </addr>
  <quit>no</quit>
</employee>

<employee>
  <id>6231</id>
  <age>31</age>
  <addr>Đức Diễn, Phú Diễn, Từ Liêm,  Hà Nội</addr>
  <quit>no</quit>
</employee>

<employee>
  <id>6265</id>
  <age>32</age>
  <addr>P 840 HH4B Chung cư hồ Linh Đàm , Hoàng Mai , Hà Nội</addr>
  <quit>no</quit>
</employee>

<employee>
  <id>6267</id>
  <age>30</age>
  <addr>Trung Liệt, Đống Đa, Hà Nội</addr>
  <quit>no</quit>
</employee>

<employee>
  <id>6278</id>
  <age>33</age>
  <addr>Số 1 Ngõ 300, Đường Nam Dư, Phường Trần Phú, Quận Hoàng Mai,  Hà Nội</addr>
  <quit>no</quit>
</employee>

<employee>
  <id>6268</id>
  <age>31</age>
  <addr>Thanh Xuân, Hà Nội</addr>
  <quit>no</quit>
</employee>

<employee>
  <id>6113</id>
  <age>30</age>
  <addr>16A3 CT4, Khu Đô Thị Văn Khê, Hà Đông</addr>
  <quit>no</quit>
</employee>

<employee>
  <id>6099</id>
  <age>33</age>
  <addr>Phòng 405, M11, Láng Hạ, Đống Đa, Hà Nội</addr>
  <quit>no</quit>
</employee>

<employee>
  <id>6168</id>
  <age>34</age>
  <addr>Số nhà 92B, ngõ 219 Định Công Thượng, Hoàng Mai, Hà Nội</addr>
  <quit>no</quit>
</employee>

<employee>
  <id>6186</id>
  <age>32</age>
  <addr>Số 17/25/354 Trần Cung, Cổ Nhuế, Từ Liêm, Hà Nội</addr>
  <quit>no</quit>
</employee>

<employee>
  <id>6255</id>
  <age>33</age>
  <addr>Lai Xá - Kim Chung - Hoài Đức - Hà Nội</addr>
  <quit>no</quit>
</employee>

<employee>
  <id>6105</id>
  <age>32</age>
  <addr>32 Xuân La, Tây Hồ, Hà Nội</addr>
  <quit>no</quit>
</employee>

<employee>
  <id>6238</id>
  <age>34</age>
  <addr>Phường Xuân Đỉnh, Quận Bắc Từ Liêm, Hà Nội</addr>
  <quit>no</quit>
</employee>

<employee>
  <id>6253</id>
  <age>33</age>
  <addr>A24 TT16 Văn Quán Hà Đông Hà Nội</addr>
  <quit>no</quit>
</employee>

<employee>
  <id>6279</id>
  <age>36</age>
  <addr>Xóm Đình, Đại Mỗ, Từ Liêm, Hà Nội</addr>
  <quit>no</quit>
</employee>

<employee>
  <id>6301</id>
  <age>39</age>
  <addr>OTC01 B, KDT Resco, Bắc Từ Liêm, Hà Nội</addr>
  <quit>no</quit>
</employee>

<employee>
  <id>6315</id>
  <age>34</age>
  <addr>147 Tư Đình, Long Biên, Hà Nội</addr>
  <quit>no</quit>
</employee>

<employee>
  <id>6319</id>
  <age>30</age>
  <addr>Nhà 56 Ngõ 1 Nguyễn An Ninh Giáp Bát Hoàng Mai Hà Nội</addr>
  <quit>no</quit>
</employee>

<employee>
  <id>6320</id>
  <age>33</age>
  <addr>P28 B11 Tập thể Kim Liên, Quận Đống Đa, Hà Nội.</addr>
  <quit>no</quit>
</employee>

<employee>
  <id>6380</id>
  <age>34</age>
  <addr>6A2 Giảng Võ, Ba Đình, Hà Nội</addr>
  <quit>no</quit>
</employee>

<employee>
  <id>6381</id>
  <age>35</age>
  <addr>Số 1 tổ 3B phường Thanh Lương, Hai Bà Trưng, Hà Nội</addr>
  <quit>no</quit>
</employee>

<employee>
  <id>6379</id>
  <age>35</age>
  <addr>Phòng 312, 5T2 tập thể Khí Tượng, Phường Láng Thượng, Đống Đa, Hà Nội</addr>
  <quit>no</quit>
</employee>

<employee>
  <id>6293</id>
  <age>35</age>
  <addr>Số 68 Ngõ 4 Bà Triệu, Phường Nguyễn Trãi, Hà Đông, Hà Nội.</addr>
  <quit>no</quit>
</employee>

<employee>
  <id>6071</id>
  <age>34</age>
  <addr>Số nhà 17 Đường Tô Hiệu, Quận Hà Đông, Hà Nội</addr>
  <quit>no</quit>
</employee>

<employee>
  <id>6387</id>
  <age>31</age>
  <addr>Số nhà 20, ngõ 255, đường Cầu Giấy, Hà Nội</addr>
  <quit>no</quit>
</employee>

<employee>
  <id>6389</id>
  <age>33</age>
  <addr>127 Nguyễn Phong Sắc, Cầu Giấy, Hà Nội</addr>
  <quit>no</quit>
</employee>

<employee>
  <id>6364</id>
  <age>32</age>
  <addr>số 1, hẻm 1002/5/28 đường Láng, Đống Đa, Hà Nội</addr>
  <quit>no</quit>
</employee>

<employee>
  <id>6362</id>
  <age>34</age>
  <addr>A020, Tập thể xây dựng số 2 Thăng Long, ngõ 689, Phạm Văn Đồng, Bắc Từ Liêm, Hà Nội</addr>
  <quit>no</quit>
</employee>

<employee>
  <id>6401</id>
  <age>34</age>
  <addr>Ngõ Điếm, Cụm 12, Tân Hội, Đan Phượng, Hà Nội</addr>
  <quit>no</quit>
</employee>

<employee>
  <id>6411</id>
  <age>33</age>
  <addr>Tổ 8, Việt Hưng, Long Biên, Hà Nội</addr>
  <quit>no</quit>
</employee>

<employee>
  <id>6345</id>
  <age>33</age>
  <addr>Mễ Trì, Từ Liêm, Hà Nội</addr>
  <quit>no</quit>
</employee>

<employee>
  <id>6666</id>
  <age>31</age>
  <addr>Số nhà 14 - Ngõ 521/42 - Nhật tảo - Đông ngạc  - Bắc từ liêm - Hà nội</addr>
  <quit>no</quit>
</employee>

<employee>
  <id>6161</id>
  <age>32</age>
  <addr>Phòng 1116 tòa V1, Homecity, 177 Trung Kính, tổ 51, P. Yên Hòa, Q. Cầu Giấy, Hà Nội</addr>
  <quit>no</quit>
</employee>

<employee>
  <id>6421</id>
  <age>35</age>
  <addr>số nhà 62, ngõ 113 Yên Hòa, Cầu Giấy, Hà Nội</addr>
  <quit>no</quit>
</employee>

<employee>
  <id>6428</id>
  <age>34</age>
  <addr>Số 38/52 Minh Khai, Hai Bà Trưng, Hà Nội</addr>
  <quit>no</quit>
</employee>

<employee>
  <id>6431</id>
  <age>30</age>
  <addr>số 14 ngõ 102 Kim Ngưu, Hai Bà Trưng, Hà Nội</addr>
  <quit>no</quit>
</employee>

<employee>
  <id>6032</id>
  <age>39</age>
  <addr>P2203 Chung cư 57 Láng Hạ, Ba Đình, Hà Nội</addr>
  <quit>no</quit>
</employee>

<employee>
  <id>6316</id>
  <age>33</age>
  <addr>P.1202 CT5-ĐN1, Khu đô thị Mỹ Đình 2, Từ Liêm, Hà Nội</addr>
  <quit>no</quit>
</employee>

<employee>
  <id>6395</id>
  <age>35</age>
  <addr>Số 74 ngõ 157 Pháo Đài Láng, Đống Đa, Hà Nội</addr>
  <quit>no</quit>
</employee>

<employee>
  <id>6456</id>
  <age>30</age>
  <addr>Số 34, ngõ 204, Trần Duy Hưng, Cầu Giấy, Hà Nội</addr>
  <quit>no</quit>
</employee>

<employee>
  <id>6460</id>
  <age>31</age>
  <addr>Số 18, Ngõ 322/118/5, Phường Mỹ Đình 1, Nam Từ Liêm , Hà Nội</addr>
  <quit>no</quit>
</employee>

<employee>
  <id>6462</id>
  <age>34</age>
  <addr></addr>
  <quit>no</quit>
</employee>

<employee>
  <id>6463</id>
  <age>35</age>
  <addr>7,667/9 Nguyễn Văn Cừ, Long Biên, Hà Nội</addr>
  <quit>no</quit>
</employee>

<employee>
  <id>6470</id>
  <age>31</age>
  <addr>P407, chung cư X2, Mỹ Đình 1, Nam Từ Liêm, HN</addr>
  <quit>no</quit>
</employee>

<employee>
  <id>6483</id>
  <age>33</age>
  <addr>P1606, chung cư An Lạc, ngõ 43 Phùng Khoang, Từ Liêm, Hà Nội</addr>
  <quit>no</quit>
</employee>

<employee>
  <id>6504</id>
  <age>30</age>
  <addr>Mễ Trì - Từ Liêm - Hà Nội</addr>
  <quit>no</quit>
</employee>

<employee>
  <id>6510</id>
  <age>30</age>
  <addr>Nhà 203, Chung cư số 2 ngách 205/174 Tổ Dân Phố Nhang, Xuân Đỉnh, Bắc Từ Liêm, Hà Nội</addr>
  <quit>no</quit>
</employee>

<employee>
  <id>6514</id>
  <age>38</age>
  <addr>P206 Nơ 5 Bán đảo Linh Đàm, Hoàng Mai, Hà Nội </addr>
  <quit>no</quit>
</employee>

<employee>
  <id>6522</id>
  <age>32</age>
  <addr>P201 - B1 - KTX Thăng Long - Dịch Vọng Hậu - CG</addr>
  <quit>no</quit>
</employee>

<employee>
  <id>6515</id>
  <age>34</age>
  <addr>Nam Sơn, Châu Sơn, Phủ Lý Hà Nam</addr>
  <quit>no</quit>
</employee>

<employee>
  <id>6524</id>
  <age>30</age>
  <addr>Số 7, Ngách 4, Ngõ 1, Lĩnh Nam, Hoàng Mai, Hà Nội</addr>
  <quit>no</quit>
</employee>

<employee>
  <id>6529</id>
  <age>31</age>
  <addr>Số nhà 65, Nguyễn Khánh Toàn, Cầu Giấy, Hà Nội</addr>
  <quit>no</quit>
</employee>

<employee>
  <id>6537</id>
  <age>30</age>
  <addr>Số nhà 1 - Ngách 401/123 -  Ngõ 397 Phạm Văn Đồng - Từ Liêm - Hà Nội</addr>
  <quit>no</quit>
</employee>

<employee>
  <id>6547</id>
  <age>36</age>
  <addr>19/326 Nguyễn trãi - Thanh Xuân - Hà Nội</addr>
  <quit>no</quit>
</employee>

<employee>
  <id>6556</id>
  <age>31</age>
  <addr>150 Trần Thủ Độ, Cẩm Lệ, Đà Nẵng</addr>
  <quit>no</quit>
</employee>

<employee>
  <id>6563</id>
  <age>38</age>
  <addr>P306, ĐN2, CT3, Khu đô thị mới Trung Văn, Phường Trung Văn, Quận Nam Từ Liêm, Hà Nội</addr>
  <quit>no</quit>
</employee>

<employee>
  <id>6566</id>
  <age>33</age>
  <addr>Số 69 Ngõ 99 Định Công Hạ - Hà Nội</addr>
  <quit>no</quit>
</employee>

<employee>
  <id>6569</id>
  <age>33</age>
  <addr>Số 23 ngõ 44 Phố Nguyễn Đình Chiểu,phường Lê Đại Hành,quận Hai Bà Trưng,Hà Nội</addr>
  <quit>no</quit>
</employee>

<employee>
  <id>6571</id>
  <age>33</age>
  <addr>Số nhà 12 ngách 2/12, ngõ 2 đường Đông Ngạc, Phường Đông Ngạc, quận Bắc Từ Liêm, Hà Nội</addr>
  <quit>no</quit>
</employee>

<employee>
  <id>6573</id>
  <age>35</age>
  <addr>Phòng 308, tòa nhà B, chung cư An Sinh, Mỹ Đình 1, Nam Từ Liêm, Hà Nội</addr>
  <quit>no</quit>
</employee>

<employee>
  <id>6580</id>
  <age>34</age>
  <addr>Số 112, tổ 28, Phường Dịch Vọng, Quận Cầu Giấy, Hà nội.</addr>
  <quit>no</quit>
</employee>

<employee>
  <id>6584</id>
  <age>30</age>
  <addr>Nhà 36 ngõ 322/90 đường Mỹ Đình, Từ Liêm , Hà Nội</addr>
  <quit>no</quit>
</employee>

<employee>
  <id>6590</id>
  <age>31</age>
  <addr>25 - Ngõ 673 đường Ngọc Hồi, Văn Điển, Thanh Trì, Hà Nội</addr>
  <quit>no</quit>
</employee>

<employee>
  <id>6593</id>
  <age>34</age>
  <addr>P604 Nhà 3 Tập thể Bộ Giáo dục Đào tạo, Ngõ 69 Vọng Hà, Chương Dương, Hoàn Kiếm, Hà Nội</addr>
  <quit>no</quit>
</employee>

<employee>
  <id>6597</id>
  <age>31</age>
  <addr>Phú Đô, Mỹ Đình, Từ Liêm, Hà Nội</addr>
  <quit>no</quit>
</employee>

<employee>
  <id>6601</id>
  <age>30</age>
  <addr>Thôn Phú Mỹ, Mỹ Đình, Nam Từ Liêm, Hà Nội</addr>
  <quit>no</quit>
</employee>

<employee>
  <id>6605</id>
  <age>33</age>
  <addr>29 Phó Đức Chính, Trúc Bạch, Ba Đình, Hà Nội</addr>
  <quit>no</quit>
</employee>

<employee>
  <id>6607</id>
  <age>35</age>
  <addr>Số 72 đường Phan Trọng Tuệ - Tả Thanh Oai - Thanh Trì - Hà Nội</addr>
  <quit>no</quit>
</employee>

<employee>
  <id>6609</id>
  <age>30</age>
  <addr>Tầng 5, Số 18, Ngõ 32, Mễ Trì Hạ, Hà Nội</addr>
  <quit>no</quit>
</employee>

<employee>
  <id>6612</id>
  <age>30</age>
  <addr>703 khu chung cư Sống Hoàng, phường Mai Động, quận Hoàng Mai, Hà Nội</addr>
  <quit>no</quit>
</employee>

<employee>
  <id>6621</id>
  <age>32</age>
  <addr>38 pháo Đài Láng - Đống Đa - Hà Nội</addr>
  <quit>no</quit>
</employee>

<employee>
  <id>6622</id>
  <age>33</age>
  <addr>84/1 Phan Đình Giót- Phương Liệt- Thanh Xuân- Hà Nội</addr>
  <quit>no</quit>
</employee>

<employee>
  <id>6628</id>
  <age>33</age>
  <addr>Phòng 402, số 6, Ngách 1/1/54 Phường Quảng An, Quận Tây Hồ, Hà Nội</addr>
  <quit>no</quit>
</employee>

<employee>
  <id>6642</id>
  <age>31</age>
  <addr>34 Hàng Đường, Hoàn Kiếm, Hà Nội</addr>
  <quit>no</quit>
</employee>

<employee>
  <id>6650</id>
  <age>34</age>
  <addr>số 12 ngách 59/39 Mễ Trì Hạ_ Từ Liêm_ Hà Nội</addr>
  <quit>no</quit>
</employee>

<employee>
  <id>6653</id>
  <age>30</age>
  <addr>100 Phan Văn Định - Hòa Khánh Bắc - Liên Chiểu - Đà nẵng - Việt Nam</addr>
  <quit>no</quit>
</employee>

<employee>
  <id>6682</id>
  <age>33</age>
  <addr>số 7, ngõ 88, Hoàng Như Tiếp, Bồ Đề, Long Biên, Hà Nội</addr>
  <quit>no</quit>
</employee>

<employee>
  <id>6686</id>
  <age>34</age>
  <addr>Tam Hiệp, Thanh Trì, Hà Nội</addr>
  <quit>no</quit>
</employee>

<employee>
  <id>6703</id>
  <age>32</age>
  <addr>18 ngách 6 ngõ 302 Láng Hà Nội</addr>
  <quit>no</quit>
</employee>

<employee>
  <id>6694</id>
  <age>32</age>
  <addr>41, chung cư Chelsea Park, Trần Kim Xuyến, Hanoi, VietNam</addr>
  <quit>no</quit>
</employee>

<employee>
  <id>6708</id>
  <age>31</age>
  <addr>P1006-CT7D-CC Dương Nội- Hà Đông-Hà Nội</addr>
  <quit>no</quit>
</employee>

<employee>
  <id>6715</id>
  <age>30</age>
  <addr>P407 - Chung cư M5 - Mai Dịch - Cầu Giấy - Hà Nội</addr>
  <quit>no</quit>
</employee>

<employee>
  <id>6716</id>
  <age>34</age>
  <addr>Phòng 1204, ct 4A, Xa La, Phúc La, Hà Đông, Hà Nội</addr>
  <quit>no</quit>
</employee>

<employee>
  <id>6729</id>
  <age>32</age>
  <addr></addr>
  <quit>no</quit>
</employee>

<employee>
  <id>6730</id>
  <age>35</age>
  <addr>F1409 - Khách sạn Vĩnh Trung - Đà Nẵng</addr>
  <quit>no</quit>
</employee>

<employee>
  <id>6732</id>
  <age>34</age>
  <addr>Đình xuyên gia lâm hà nội</addr>
  <quit>no</quit>
</employee>

<employee>
  <id>6735</id>
  <age>43</age>
  <addr>Vietnam</addr>
  <quit>no</quit>
</employee>

<employee>
  <id>6738</id>
  <age>31</age>
  <addr>Số 14, ngách 46, ngõ Thịnh Hào 1, đường Tôn Đức Thắng, TP Hà Nội</addr>
  <quit>no</quit>
</employee>

<employee>
  <id>6739</id>
  <age>43</age>
  <addr>Số 15 ngõ 12/41 Trần Quốc Hoàn, Dịch Vọng Hậu, Cầu Giấy, Hà Nội</addr>
  <quit>no</quit>
</employee>

<employee>
  <id>6744</id>
  <age>31</age>
  <addr>Trường Sơn, Lục Nam, Bắc Giang</addr>
  <quit>no</quit>
</employee>

<employee>
  <id>6746</id>
  <age>33</age>
  <addr>Số 36, Ngõ 285 Đội Cấn, Liễu Giai, Ba Đình, Hà Nội</addr>
  <quit>no</quit>
</employee>

<employee>
  <id>6770</id>
  <age>30</age>
  <addr>P50, 3/75, Thái Hà, Đống Đa, Hà Nội</addr>
  <quit>no</quit>
</employee>

<employee>
  <id>6788</id>
  <age>31</age>
  <addr>P707 NƠ14B tổ 27c Định Công Hoàng Mai Hà Nội</addr>
  <quit>no</quit>
</employee>

<employee>
  <id>6804</id>
  <age>32</age>
  <addr>Bồng Khê, Con Cuông, Nghệ An</addr>
  <quit>no</quit>
</employee>

<employee>
  <id>6816</id>
  <age>31</age>
  <addr>3414 tòa C vinaconex2, KĐT Kim văn kim lũ, Đại Kim, Hoàng Mai, Hà nội</addr>
  <quit>no</quit>
</employee>

<employee>
  <id>51</id>
  <age>41</age>
  <addr>東京都千代田区麹町2－10－10パレスサイドステージホームズ麹町002号室</addr>
  <quit>no</quit>
</employee>

<employee>
  <id>9022</id>
  <age>44</age>
  <addr></addr>
  <quit>no</quit>
</employee>

<employee>
  <id>6820</id>
  <age>34</age>
  <addr></addr>
  <quit>no</quit>
</employee>

<employee>
  <id>6826</id>
  <age>30</age>
  <addr>Số 2, ngách 20/16, Hồ Tùng Mậu, Cầu Giấy, Hà Nội</addr>
  <quit>no</quit>
</employee>

<employee>
  <id>6828</id>
  <age>31</age>
  <addr></addr>
  <quit>no</quit>
</employee>

<employee>
  <id>6830</id>
  <age>30</age>
  <addr></addr>
  <quit>no</quit>
</employee>

<employee>
  <id>6839</id>
  <age>32</age>
  <addr></addr>
  <quit>no</quit>
</employee>

<employee>
  <id>6840</id>
  <age>31</age>
  <addr></addr>
  <quit>no</quit>
</employee>

<employee>
  <id>6844</id>
  <age>30</age>
  <addr></addr>
  <quit>no</quit>
</employee>

<employee>
  <id>6849</id>
  <age>31</age>
  <addr></addr>
  <quit>no</quit>
</employee>

<employee>
  <id>6852</id>
  <age>32</age>
  <addr></addr>
  <quit>no</quit>
</employee>

<employee>
  <id>6859</id>
  <age>45</age>
  <addr>Hanoi, Vietnam</addr>
  <quit>no</quit>
</employee>

