



<employee>
  <id>8252</id>
  <age>20</age>
  <addr>Số 33,ngõ ngách A6, tổ dân phố Kiên Thành, Trâu Quỳ, Gia Lâm, Hà Nội</addr>
  <quit>no</quit>
</employee>

<employee>
  <id>8262</id>
  <age>19</age>
  <addr></addr>
  <quit>no</quit>
</employee>

<employee>
  <id>8279</id>
  <age>19</age>
  <addr>KTX Đơn Nguyên 5 - đường Nguyễn Cơ Thạch - Mỹ Đình 2 - Nam Từ Liêm - Hà Nội</addr>
  <quit>no</quit>
</employee>

<employee>
  <id>8280</id>
  <age>18</age>
  <addr>P103 - H7, Ngõ 41/42 Đông Tác, phường Kim Liên, quận Đống Đa</addr>
  <quit>no</quit>
</employee>

